make all --print-data-base --no-builtin-variables --no-builtin-rules --question
# GNU Make 3.81
# Copyright (C) 2006  Free Software Foundation, Inc.
# This is free software; see the source for copying conditions.
# There is NO warranty; not even for MERCHANTABILITY or FITNESS FOR A
# PARTICULAR PURPOSE.

# This program built for i386-apple-darwin11.3.0
 
make: *** No rule to make target `all'.  Stop.


# Make data base, printed on Mon Jun 20 12:14:33 2022

# Variables

# automatic
<D = $(patsubst %/,%,$(dir $<))
# automatic
?F = $(notdir $?)
# environment
ELECTRON_NO_ATTACH_CONSOLE = 1
# environment
VSCODE_LOG_NATIVE = false
# makefile (from `Makefile', line 8)
 
TEST_MODULE_DIR := pkg/module/testdata
# automatic
?D = $(patsubst %/,%,$(dir $?))
# automatic
@D = $(patsubst %/,%,$(dir $@))
# automatic
@F = $(notdir $@)
# makefile
CURDIR := /Users/anaisurlichs/code/trivy-code/trivy
# makefile
SHELL = /bin/sh
# makefile (from `Makefile', line 17)
MKDOCS_PORT := 8000
# environment
VSCODE_NLS_CONFIG = {"locale":"en-gb","availableLanguages":{},"_languagePackSupport":true}
# environment
_ = /usr/bin/make
# makefile (from `Makefile', line 14)
EXAMPLE_MODULES := examples/module/spring4shell/spring4shell.wasm
# makefile (from `Makefile', line 19)
u := 
# environment
STARSHIP_SESSION_KEY = 2533614101100498
# environment
VSCODE_AMD_ENTRYPOINT = vs/workbench/api/node/extensionHostProcess
# makefile (from `Makefile', line 1)
VERSION := v0.23.0-263-g6ce9404c
# environment
VSCODE_VERBOSE_LOGGING = true
# environment
__CFBundleIdentifier = com.microsoft.VSCode
# environment
INFOPATH = /opt/homebrew/share/info:
# environment
VSCODE_IPC_HOOK_EXTHOST = /var/folders/lm/zqmqzm4x4z9dd6m75lbr4tyc0000gp/T/vscode-ipc-d4410e7d-f593-4b1d-8848-36692f396f21.sock
# environment
VSCODE_CWD = /Users/anaisurlichs/code/trivy-code/trivy
# environment
GOPROXY = https://proxy.golang.org,direct
# environment
PATH = /opt/homebrew/opt/go/libexec/bin:/Users/anaisurlichs/Downloads/google-cloud-sdk/bin:/Users/anaisurlichs/.krew/bin:/opt/homebrew/bin:/opt/homebrew/sbin:/usr/local/bin:/usr/bin:/bin:/usr/sbin:/sbin:/usr/local/go/bin:/Users/anaisurlichs/.cargo/bin:/Users/anaisurlichs/go/bin
# environment
GOROOT = /opt/homebrew/opt/go/libexec
# makefile (from `Makefile', line 1)
MAKEFILE_LIST :=  Makefile
# makefile (from `Makefile', line 12)
EXAMPLE_MODULE_DIR := examples/module
# makefile (from `Makefile', line 4)
GOPATH := /Users/anaisurlichs/go
# environment
LaunchInstanceID = 3837ECB1-F605-4E4A-BE4D-CE279737B859
# environment
VSCODE_LOG_STACK = false
# environment
ELECTRON_RUN_AS_NODE = 1
# makefile (from `Makefile', line 2)
LDFLAGS := -ldflags "-s -w -X=main.version=v0.23.0-263-g6ce9404c"
# default
.FEATURES := target-specific order-only second-expansion else-if archives jobserver check-symlink
# makefile (from `Makefile', line 16)
MKDOCS_IMAGE := aquasec/mkdocs-material:dev
# environment
SSH_AUTH_SOCK = /private/tmp/com.apple.launchd.3RCHzkBC5T/Listeners
# automatic
%F = $(notdir $%)
# makefile (from `Makefile', line 5)
GOBIN := /Users/anaisurlichs/go/bin
# environment
VSCODE_PIPE_LOGGING = true
# environment
PWD = /Users/anaisurlichs/code/trivy-code/trivy
# environment
HOMEBREW_CELLAR = /opt/homebrew/Cellar
# environment
ORIGINAL_XDG_CURRENT_DESKTOP = undefined
# environment
MANPATH = /opt/homebrew/share/man::
# environment
GOMODCACHE = /Users/anaisurlichs/go/pkg/mod
# environment
HOME = /Users/anaisurlichs
# default
MAKEFILEPATH = $(shell /usr/bin/xcode-select -print-path 2>/dev/null || echo /Developer)/Makefiles
# environment
VSCODE_CLI = 1
# environment
VSCODE_CODE_CACHE_PATH = /Users/anaisurlichs/Library/Application Support/Code/CachedData/4af164ea3a06f701fe3e89a2bcbb421d2026b68f
# environment
LOGNAME = anaisurlichs
# environment
APPLICATION_INSIGHTS_NO_DIAGNOSTIC_CHANNEL = 1
# makefile (from `Makefile', line 9)
TEST_MODULE_SRCS := pkg/module/testdata/analyzer/analyzer.go pkg/module/testdata/happy/happy.go pkg/module/testdata/scanner/scanner.go
# environment
ZSH = /Users/anaisurlichs/.oh-my-zsh
# environment
VSCODE_HANDLES_UNCAUGHT_ERRORS = true
# automatic
^D = $(patsubst %/,%,$(dir $^))
# environment
XPC_FLAGS = 0x0
# default
MAKE = $(MAKE_COMMAND)
# default
MAKECMDGOALS := all
# environment
SHLVL = 3
# default
MAKE_VERSION := 3.81
# environment
USER = anaisurlichs
# makefile
.DEFAULT_GOAL := /Users/anaisurlichs/go/bin/wire
# environment
TERM_SESSION_ID = DB2636E7-B051-46C5-9A25-C9DA63A19EB3
# automatic
%D = $(patsubst %/,%,$(dir $%))
# makefile (from `Makefile', line 6)
GOSRC := /Users/anaisurlichs/go/src
# default
MAKE_COMMAND := /Library/Developer/CommandLineTools/usr/bin/make
# environment
TERM_PROGRAM = Apple_Terminal
# default
.VARIABLES := 
# environment
TMPDIR = /var/folders/lm/zqmqzm4x4z9dd6m75lbr4tyc0000gp/T/
# automatic
*F = $(notdir $*)
# environment
VSCODE_IPC_HOOK = /Users/anaisurlichs/Library/Application Support/Code/1.68.0-main.sock
# makefile
MAKEFLAGS = Rrqp
# environment
MFLAGS = -Rrqp
# automatic
*D = $(patsubst %/,%,$(dir $*))
# environment
TERM_PROGRAM_VERSION = 445
# environment
NVM_DIR = /Users/anaisurlichs/.nvm
# environment
XPC_SERVICE_NAME = application.com.microsoft.VSCode.11786640.11786646.3F728FCF-0217-4707-BA79-D66F652ACA69
# environment
HOMEBREW_PREFIX = /opt/homebrew
# automatic
+D = $(patsubst %/,%,$(dir $+))
# automatic
+F = $(notdir $+)
# environment
HOMEBREW_REPOSITORY = /opt/homebrew
# environment
__CF_USER_TEXT_ENCODING = 0x1F6:0:2
# environment
COMMAND_MODE = unix2003
# default
MAKEFILES := 
# makefile (from `Makefile', line 10)
TEST_MODULES := pkg/module/testdata/analyzer/analyzer.wasm pkg/module/testdata/happy/happy.wasm pkg/module/testdata/scanner/scanner.wasm
# automatic
<F = $(notdir $<)
# environment
LC_ALL = C
# environment
SECURITYSESSIONID = 186b0
# automatic
^F = $(notdir $^)
# default
SUFFIXES := 
# makefile (from `Makefile', line 13)
EXAMPLE_MODULE_SRCS := examples/module/spring4shell/spring4shell.go
# environment
MAKELEVEL := 0
# environment
LANG = C
# environment
TERM = xterm-256color
# environment
VSCODE_PID = 28072
# environment
STARSHIP_SHELL = zsh
# variable set hash-table stats:
# Load=95/1024=9%, Rehash=0, Collisions=10/146=7%

# Pattern-specific Variable Values

# No pattern-specific variable values.

# Directories

# integration/testdata/fixtures/images: could not be stat'd.
# examples/module/spring4shell (device 16777233, inode 12118192): 4 files, no impossibilities.
# . (device 16777233, inode 12116830): 30 files, no impossibilities.
# pkg/module/testdata/happy (device 16777233, inode 12118398): 3 files, no impossibilities.
# pkg/module/testdata/analyzer (device 16777233, inode 12118396): 3 files, no impossibilities.
# pkg/module/testdata/scanner (device 16777233, inode 12118400): 3 files, no impossibilities.

# 43 files, no impossibilities in 6 directories.

# Implicit Rules

%.wasm: %.go
#  commands to execute (from `Makefile', line 55):
	@if !(type "tinygo" > /dev/null 2>&1); then \
	echo "Need to install TinyGo. Follow https://tinygo.org/getting-started/install/"; \
	exit 1; \
	fi
	go generate $<
	

# 1 implicit rules, 0 (0.0%) terminal.

# Files

/Users/anaisurlichs/go/bin/golangci-lint:
#  Implicit rule search has not been done.
#  Modification time never checked.
#  File has not been updated.
#  commands to execute (from `Makefile', line 29):
	curl -sfL https://raw.githubusercontent.com/golangci/golangci-lint/master/install.sh| sh -s -- -b $(GOBIN) v1.45.2
	

# Not a target:
all:
#  Command-line target.
#  Implicit rule search has been done.
#  File does not exist.
#  File has not been updated.
# variable set hash-table stats:
# Load=0/32=0%, Rehash=0, Collisions=0/0=0%

.PHONY: wire mock deps generate-test-modules test test-integration test-module-integration lint fmt build protoc install clean label mkdocs-serve easyjson
#  Implicit rule search has not been done.
#  Modification time never checked.
#  File has not been updated.

protoc:
#  Phony target (prerequisite of .PHONY).
#  Implicit rule search has not been done.
#  File does not exist.
#  File has not been updated.
#  commands to execute (from `Makefile', line 94):
	docker build -t trivy-protoc - < Dockerfile.protoc
	docker run --rm -it -v ${PWD}:/app -w /app trivy-protoc make _$@
	

test-module-integration: integration/testdata/fixtures/images/*.tar.gz examples/module/spring4shell/spring4shell.wasm
#  Phony target (prerequisite of .PHONY).
#  Implicit rule search has not been done.
#  File does not exist.
#  File has not been updated.
#  commands to execute (from `Makefile', line 78):
	go test -v -tags=module_integration ./integration/...
	

# Not a target:
pkg/module/testdata/analyzer/analyzer.wasm:
#  Implicit rule search has not been done.
#  Modification time never checked.
#  File has not been updated.

# Not a target:
examples/module/spring4shell/spring4shell.wasm:
 
#  Implicit rule search has not been done.
#  Modification time never checked.
#  File has not been updated.

deps:
#  Phony target (prerequisite of .PHONY).
#  Implicit rule search has not been done.
#  File does not exist.
#  File has not been updated.
#  commands to execute (from `Makefile', line 47):
	go get ${u} -d
	go mod tidy
	

_protoc:
#  Implicit rule search has not been done.
#  Modification time never checked.
#  File has not been updated.
#  commands to execute (from `Makefile', line 98):
	for path in `find ./rpc/ -name "*.proto" -type f`; do \
	protoc --twirp_out=. --twirp_opt=paths=source_relative --go_out=. --go_opt=paths=source_relative $${path} || exit; \
	done
	

# Not a target:
.SUFFIXES:
#  Implicit rule search has not been done.
#  Modification time never checked.
#  File has not been updated.

# Not a target:
Makefile:
#  Implicit rule search has been done.
#  Last modified 2022-06-20 12:14:22
#  File has been updated.
#  Successfully updated.
# variable set hash-table stats:
# Load=0/32=0%, Rehash=0, Collisions=0/0=0%

test: pkg/module/testdata/analyzer/analyzer.wasm pkg/module/testdata/happy/happy.wasm pkg/module/testdata/scanner/scanner.wasm
#  Phony target (prerequisite of .PHONY).
#  Implicit rule search has not been done.
#  File does not exist.
#  File has not been updated.
#  commands to execute (from `Makefile', line 64):
	go test -v -short -coverprofile=coverage.txt -covermode=atomic ./...
	

integration/testdata/fixtures/images/*.tar.gz: /Users/anaisurlichs/go/bin/crane
#  Implicit rule search has not been done.
#  Modification time never checked.
#  File has not been updated.
#  commands to execute (from `Makefile', line 67):
	mkdir -p integration/testdata/fixtures/images/
	integration/scripts/download-images.sh
	

build:
#  Phony target (prerequisite of .PHONY).
#  Implicit rule search has not been done.
#  File does not exist.
#  File has not been updated.
#  commands to execute (from `Makefile', line 90):
	go build $(LDFLAGS) ./cmd/trivy
	

easyjson: /Users/anaisurlichs/go/bin/easyjson
#  Phony target (prerequisite of .PHONY).
#  Implicit rule search has not been done.
#  File does not exist.
#  File has not been updated.
#  commands to execute (from `Makefile', line 124):
	easyjson pkg/module/serialize/types.go
	

generate-test-modules: pkg/module/testdata/analyzer/analyzer.wasm pkg/module/testdata/happy/happy.wasm pkg/module/testdata/scanner/scanner.wasm
#  Phony target (prerequisite of .PHONY).
#  Implicit rule search has not been done.
#  File does not exist.
#  File has not been updated.

# Not a target:
pkg/module/testdata/happy/happy.wasm:
#  Implicit rule search has not been done.
#  Modification time never checked.
#  File has not been updated.

mkdocs-serve:
#  Phony target (prerequisite of .PHONY).
#  Implicit rule search has not been done.
#  File does not exist.
#  File has not been updated.
#  commands to execute (from `Makefile', line 118):
	docker build -t $(MKDOCS_IMAGE) -f docs/build/Dockerfile docs/build
	docker run --name mkdocs-serve --rm -v $(PWD):/docs -p $(MKDOCS_PORT):8000 $(MKDOCS_IMAGE)
	

wire: /Users/anaisurlichs/go/bin/wire
#  Phony target (prerequisite of .PHONY).
#  Implicit rule search has not been done.
#  File does not exist.
#  File has not been updated.
#  commands to execute (from `Makefile', line 39):
	wire gen ./pkg/commands/... ./pkg/rpc/...
	

/Users/anaisurlichs/go/bin/wire:
#  Implicit rule search has not been done.
#  Modification time never checked.
#  File has not been updated.
#  commands to execute (from `Makefile', line 23):
	go install github.com/google/wire/cmd/wire@v0.5.0
	

# Not a target:
.DEFAULT:
#  Implicit rule search has not been done.
#  Modification time never checked.
#  File has not been updated.

/Users/anaisurlichs/go/bin/crane:
#  Implicit rule search has not been done.
#  Modification time never checked.
#  File has not been updated.
#  commands to execute (from `Makefile', line 26):
	go install github.com/google/go-containerregistry/cmd/crane@v0.9.0
	

/Users/anaisurlichs/go/bin/labeler:
#  Implicit rule search has not been done.
#  Modification time never checked.
#  File has not been updated.
#  commands to execute (from `Makefile', line 32):
	go install github.com/knqyf263/labeler@latest
	

clean:
#  Phony target (prerequisite of .PHONY).
#  Implicit rule search has not been done.
#  File does not exist.
#  File has not been updated.
#  commands to execute (from `Makefile', line 108):
	rm -rf integration/testdata/fixtures/images
	

# Not a target:
pkg/module/testdata/scanner/scanner.wasm:
#  Implicit rule search has not been done.
#  Modification time never checked.
#  File has not been updated.

label: /Users/anaisurlichs/go/bin/labeler
#  Phony target (prerequisite of .PHONY).
#  Implicit rule search has not been done.
#  File does not exist.
#  File has not been updated.
#  commands to execute (from `Makefile', line 113):
	labeler apply misc/triage/labels.yaml -r aquasecurity/trivy -l 5
	

fmt:
#  Phony target (prerequisite of .PHONY).
#  Implicit rule search has not been done.
#  File does not exist.
#  File has not been updated.
#  commands to execute (from `Makefile', line 86):
	find ./ -name "*.proto" | xargs clang-format -i
	

lint: /Users/anaisurlichs/go/bin/golangci-lint
#  Phony target (prerequisite of .PHONY).
#  Implicit rule search has not been done.
#  File does not exist.
#  File has not been updated.
#  commands to execute (from `Makefile', line 82):
	$(GOBIN)/golangci-lint run --timeout 5m
	

# Not a target:
/Users/anaisurlichs/go/bin/mockery:
#  Implicit rule search has not been done.
#  Modification time never checked.
#  File has not been updated.

test-integration: integration/testdata/fixtures/images/*.tar.gz
#  Phony target (prerequisite of .PHONY).
#  Implicit rule search has not been done.
#  File does not exist.
#  File has not been updated.
#  commands to execute (from `Makefile', line 73):
	go test -v -tags=integration ./integration/...
	

mock: /Users/anaisurlichs/go/bin/mockery
#  Phony target (prerequisite of .PHONY).
#  Implicit rule search has not been done.
#  File does not exist.
#  File has not been updated.
#  commands to execute (from `Makefile', line 43):
	mockery -all -inpkg -case=snake -dir $(DIR)
	

install:
#  Phony target (prerequisite of .PHONY).
#  Implicit rule search has not been done.
#  File does not exist.
#  File has not been updated.
#  commands to execute (from `Makefile', line 104):
	go install $(LDFLAGS) ./cmd/trivy
	

/Users/anaisurlichs/go/bin/easyjson:
#  Implicit rule search has not been done.
#  Modification time never checked.
#  File has not been updated.
#  commands to execute (from `Makefile', line 35):
	go install github.com/mailru/easyjson/...@v0.7.7
	

# files hash-table stats:
# Load=33/1024=3%, Rehash=0, Collisions=0/91=0%
# VPATH Search Paths

# No `vpath' search paths.

# No general (`VPATH' variable) search path.

# # of strings in strcache: 1
# # of strcache buffers: 1
# strcache size: total = 4096 / max = 4096 / min = 4096 / avg = 4096
# strcache free: total = 4087 / max = 4087 / min = 4087 / avg = 4087

# Finished Make data base on Mon Jun 20 12:14:33 2022

 
